<?xml version="1.0" encoding="UTF-8"?>
<testng-results ignored="2" total="4" passed="2" failed="0" skipped="0">
  <reporter-output>
  </reporter-output>
  <suite started-at="2022-03-16T12:24:53 IST" name="Default suite" finished-at="2022-03-16T12:25:03 IST" duration-ms="10458">
    <groups>
    </groups>
    <test started-at="2022-03-16T12:24:53 IST" name="Default test" finished-at="2022-03-16T12:25:03 IST" duration-ms="10458">
      <class name="RestTesting.ECommerceUsers">
        <test-method signature="login()[pri:1, instance:RestTesting.ECommerceUsers@cad498c]" started-at="2022-03-16T12:24:53 IST" name="login" finished-at="2022-03-16T12:25:00 IST" duration-ms="7546" status="PASS">
          <reporter-output>
          </reporter-output>
        </test-method> <!-- login -->
        <test-method signature="getallusers()[pri:2, instance:RestTesting.ECommerceUsers@cad498c]" started-at="2022-03-16T12:25:00 IST" name="getallusers" finished-at="2022-03-16T12:25:03 IST" duration-ms="2843" status="PASS">
          <reporter-output>
          </reporter-output>
        </test-method> <!-- getallusers -->
      </class> <!-- RestTesting.ECommerceUsers -->
    </test> <!-- Default test -->
  </suite> <!-- Default suite -->
</testng-results>
