<?xml version="1.0" encoding="UTF-8"?>
<testng-results skipped="0" failed="0" ignored="2" total="4" passed="2">
  <reporter-output>
  </reporter-output>
  <suite name="Default suite" duration-ms="9963" started-at="2022-03-16T14:18:11 IST" finished-at="2022-03-16T14:18:21 IST">
    <groups>
    </groups>
    <test name="Default test" duration-ms="9963" started-at="2022-03-16T14:18:11 IST" finished-at="2022-03-16T14:18:21 IST">
      <class name="RestTesting.ECommerceUsers">
        <test-method status="PASS" signature="login()[pri:1, instance:RestTesting.ECommerceUsers@33c7e1bb]" name="login" duration-ms="7225" started-at="2022-03-16T14:18:11 IST" finished-at="2022-03-16T14:18:18 IST">
          <reporter-output>
          </reporter-output>
        </test-method> <!-- login -->
        <test-method status="PASS" signature="getallusers()[pri:2, instance:RestTesting.ECommerceUsers@33c7e1bb]" name="getallusers" duration-ms="2688" started-at="2022-03-16T14:18:18 IST" finished-at="2022-03-16T14:18:21 IST">
          <reporter-output>
          </reporter-output>
        </test-method> <!-- getallusers -->
      </class> <!-- RestTesting.ECommerceUsers -->
    </test> <!-- Default test -->
  </suite> <!-- Default suite -->
</testng-results>
