<?xml version="1.0" encoding="UTF-8"?>
<!-- Generated by org.testng.reporters.JUnitXMLReporter -->
<testsuite hostname="DESKTOP-P3KVQT3" ignored="2" name="Default test" tests="2" failures="0" timestamp="2022-03-16T14:18:21 IST" time="9.963" errors="0">
  <testcase name="login" time="7.225" classname="RestTesting.ECommerceUsers"/>
  <testcase name="getallusers" time="2.688" classname="RestTesting.ECommerceUsers"/>
  <testcase name="delete" time="0.0" classname="RestTesting.ECommerceUsers">
    <ignored/>
  </testcase> <!-- delete -->
  <testcase name="signup" time="0.0" classname="RestTesting.ECommerceUsers">
    <ignored/>
  </testcase> <!-- signup -->
</testsuite> <!-- Default test -->
