<?xml version="1.0" encoding="UTF-8"?>
<!-- Generated by org.testng.reporters.JUnitXMLReporter -->
<testsuite ignored="2" hostname="DESKTOP-P3KVQT3" failures="0" tests="2" name="Default test" time="10.458" errors="0" timestamp="2022-03-16T12:25:03 IST">
  <testcase classname="RestTesting.ECommerceUsers" name="login" time="7.546"/>
  <testcase classname="RestTesting.ECommerceUsers" name="getallusers" time="2.843"/>
  <testcase classname="RestTesting.ECommerceUsers" name="delete" time="0.0">
    <ignored/>
  </testcase> <!-- delete -->
  <testcase classname="RestTesting.ECommerceUsers" name="signup" time="0.0">
    <ignored/>
  </testcase> <!-- signup -->
</testsuite> <!-- Default test -->
